Performing C SOURCE FILE Test CMAKE_HAVE_LIBC_PTHREAD failed with the following output:
Change Dir: /home/arthur/Documents/Darmstadt/Capturing Reality/ep2/Capturing-Reality-Exercise-1/build/CMakeFiles/CMakeTmp

Run Build Command(s):/usr/bin/make -f Makefile cmTC_ee4e2/fast && /usr/bin/make  -f CMakeFiles/cmTC_ee4e2.dir/build.make CMakeFiles/cmTC_ee4e2.dir/build
make[1]: Entering directory '/media/arthur/SharedData/arthur2/Documents/Darmstadt/Capturing Reality/ep2/Capturing-Reality-Exercise-1/build/CMakeFiles/CMakeTmp'
Building C object CMakeFiles/cmTC_ee4e2.dir/src.c.o
/usr/bin/cc -DCMAKE_HAVE_LIBC_PTHREAD   -o CMakeFiles/cmTC_ee4e2.dir/src.c.o -c "/home/arthur/Documents/Darmstadt/Capturing Reality/ep2/Capturing-Reality-Exercise-1/build/CMakeFiles/CMakeTmp/src.c"
Linking C executable cmTC_ee4e2
/snap/cmake/1082/bin/cmake -E cmake_link_script CMakeFiles/cmTC_ee4e2.dir/link.txt --verbose=1
/usr/bin/cc -rdynamic CMakeFiles/cmTC_ee4e2.dir/src.c.o -o cmTC_ee4e2 
CMakeFiles/cmTC_ee4e2.dir/src.c.o: In function `main':
src.c:(.text+0x3e): undefined reference to `pthread_create'
src.c:(.text+0x4a): undefined reference to `pthread_detach'
src.c:(.text+0x56): undefined reference to `pthread_cancel'
src.c:(.text+0x67): undefined reference to `pthread_join'
src.c:(.text+0x7b): undefined reference to `pthread_atfork'
collect2: error: ld returned 1 exit status
CMakeFiles/cmTC_ee4e2.dir/build.make:98: recipe for target 'cmTC_ee4e2' failed
make[1]: *** [cmTC_ee4e2] Error 1
make[1]: Leaving directory '/media/arthur/SharedData/arthur2/Documents/Darmstadt/Capturing Reality/ep2/Capturing-Reality-Exercise-1/build/CMakeFiles/CMakeTmp'
Makefile:127: recipe for target 'cmTC_ee4e2/fast' failed
make: *** [cmTC_ee4e2/fast] Error 2


Source file was:
#include <pthread.h>

static void* test_func(void* data)
{
  return data;
}

int main(void)
{
  pthread_t thread;
  pthread_create(&thread, NULL, test_func, NULL);
  pthread_detach(thread);
  pthread_cancel(thread);
  pthread_join(thread, NULL);
  pthread_atfork(NULL, NULL, NULL);
  pthread_exit(NULL);

  return 0;
}

Determining if the function pthread_create exists in the pthreads failed with the following output:
Change Dir: /home/arthur/Documents/Darmstadt/Capturing Reality/ep2/Capturing-Reality-Exercise-1/build/CMakeFiles/CMakeTmp

Run Build Command(s):/usr/bin/make -f Makefile cmTC_a1d67/fast && /usr/bin/make  -f CMakeFiles/cmTC_a1d67.dir/build.make CMakeFiles/cmTC_a1d67.dir/build
make[1]: Entering directory '/media/arthur/SharedData/arthur2/Documents/Darmstadt/Capturing Reality/ep2/Capturing-Reality-Exercise-1/build/CMakeFiles/CMakeTmp'
Building C object CMakeFiles/cmTC_a1d67.dir/CheckFunctionExists.c.o
/usr/bin/cc   -DCHECK_FUNCTION_EXISTS=pthread_create -o CMakeFiles/cmTC_a1d67.dir/CheckFunctionExists.c.o -c /snap/cmake/1082/share/cmake-3.23/Modules/CheckFunctionExists.c
Linking C executable cmTC_a1d67
/snap/cmake/1082/bin/cmake -E cmake_link_script CMakeFiles/cmTC_a1d67.dir/link.txt --verbose=1
/usr/bin/cc  -DCHECK_FUNCTION_EXISTS=pthread_create -rdynamic CMakeFiles/cmTC_a1d67.dir/CheckFunctionExists.c.o -o cmTC_a1d67  -lpthreads 
/usr/bin/ld: cannot find -lpthreads
collect2: error: ld returned 1 exit status
CMakeFiles/cmTC_a1d67.dir/build.make:98: recipe for target 'cmTC_a1d67' failed
make[1]: *** [cmTC_a1d67] Error 1
make[1]: Leaving directory '/media/arthur/SharedData/arthur2/Documents/Darmstadt/Capturing Reality/ep2/Capturing-Reality-Exercise-1/build/CMakeFiles/CMakeTmp'
Makefile:127: recipe for target 'cmTC_a1d67/fast' failed
make: *** [cmTC_a1d67/fast] Error 2



Determining if the function sgemm_ exists failed with the following output:
Change Dir: /home/arthur/Documents/Darmstadt/Capturing Reality/ep2/Capturing-Reality-Exercise-1/build/CMakeFiles/CMakeTmp

Run Build Command(s):/usr/bin/make -f Makefile cmTC_a0c57/fast && /usr/bin/make  -f CMakeFiles/cmTC_a0c57.dir/build.make CMakeFiles/cmTC_a0c57.dir/build
make[1]: Entering directory '/media/arthur/SharedData/arthur2/Documents/Darmstadt/Capturing Reality/ep2/Capturing-Reality-Exercise-1/build/CMakeFiles/CMakeTmp'
Building C object CMakeFiles/cmTC_a0c57.dir/CheckFunctionExists.c.o
/usr/bin/cc   -DCHECK_FUNCTION_EXISTS=sgemm_ -o CMakeFiles/cmTC_a0c57.dir/CheckFunctionExists.c.o -c /snap/cmake/1082/share/cmake-3.23/Modules/CheckFunctionExists.c
Linking C executable cmTC_a0c57
/snap/cmake/1082/bin/cmake -E cmake_link_script CMakeFiles/cmTC_a0c57.dir/link.txt --verbose=1
/usr/bin/cc  -DCHECK_FUNCTION_EXISTS=sgemm_ -rdynamic CMakeFiles/cmTC_a0c57.dir/CheckFunctionExists.c.o -o cmTC_a0c57 
CMakeFiles/cmTC_a0c57.dir/CheckFunctionExists.c.o: In function `main':
CheckFunctionExists.c:(.text+0x10): undefined reference to `sgemm_'
collect2: error: ld returned 1 exit status
CMakeFiles/cmTC_a0c57.dir/build.make:98: recipe for target 'cmTC_a0c57' failed
make[1]: *** [cmTC_a0c57] Error 1
make[1]: Leaving directory '/media/arthur/SharedData/arthur2/Documents/Darmstadt/Capturing Reality/ep2/Capturing-Reality-Exercise-1/build/CMakeFiles/CMakeTmp'
Makefile:127: recipe for target 'cmTC_a0c57/fast' failed
make: *** [cmTC_a0c57/fast] Error 2



Determining if the function cheev_ exists failed with the following output:
Change Dir: /home/arthur/Documents/Darmstadt/Capturing Reality/ep2/Capturing-Reality-Exercise-1/build/CMakeFiles/CMakeTmp

Run Build Command(s):/usr/bin/make -f Makefile cmTC_10004/fast && /usr/bin/make  -f CMakeFiles/cmTC_10004.dir/build.make CMakeFiles/cmTC_10004.dir/build
make[1]: Entering directory '/media/arthur/SharedData/arthur2/Documents/Darmstadt/Capturing Reality/ep2/Capturing-Reality-Exercise-1/build/CMakeFiles/CMakeTmp'
Building C object CMakeFiles/cmTC_10004.dir/CheckFunctionExists.c.o
/usr/bin/cc   -DCHECK_FUNCTION_EXISTS=cheev_ -o CMakeFiles/cmTC_10004.dir/CheckFunctionExists.c.o -c /snap/cmake/1082/share/cmake-3.23/Modules/CheckFunctionExists.c
Linking C executable cmTC_10004
/snap/cmake/1082/bin/cmake -E cmake_link_script CMakeFiles/cmTC_10004.dir/link.txt --verbose=1
/usr/bin/cc  -DCHECK_FUNCTION_EXISTS=cheev_ -rdynamic CMakeFiles/cmTC_10004.dir/CheckFunctionExists.c.o -o cmTC_10004  /usr/lib/x86_64-linux-gnu/libblas.so /usr/lib/x86_64-linux-gnu/libf77blas.so /usr/lib/x86_64-linux-gnu/libatlas.so -lpthread -lm -ldl 
CMakeFiles/cmTC_10004.dir/CheckFunctionExists.c.o: In function `main':
CheckFunctionExists.c:(.text+0x10): undefined reference to `cheev_'
collect2: error: ld returned 1 exit status
CMakeFiles/cmTC_10004.dir/build.make:101: recipe for target 'cmTC_10004' failed
make[1]: *** [cmTC_10004] Error 1
make[1]: Leaving directory '/media/arthur/SharedData/arthur2/Documents/Darmstadt/Capturing Reality/ep2/Capturing-Reality-Exercise-1/build/CMakeFiles/CMakeTmp'
Makefile:127: recipe for target 'cmTC_10004/fast' failed
make: *** [cmTC_10004/fast] Error 2



Determining if the function cheev_ exists failed with the following output:
Change Dir: /home/arthur/Documents/Darmstadt/Capturing Reality/ep2/Capturing-Reality-Exercise-1/build/CMakeFiles/CMakeTmp

Run Build Command(s):/usr/bin/make -f Makefile cmTC_cc142/fast && /usr/bin/make  -f CMakeFiles/cmTC_cc142.dir/build.make CMakeFiles/cmTC_cc142.dir/build
make[1]: Entering directory '/media/arthur/SharedData/arthur2/Documents/Darmstadt/Capturing Reality/ep2/Capturing-Reality-Exercise-1/build/CMakeFiles/CMakeTmp'
Building C object CMakeFiles/cmTC_cc142.dir/CheckFunctionExists.c.o
/usr/bin/cc   -DCHECK_FUNCTION_EXISTS=cheev_ -o CMakeFiles/cmTC_cc142.dir/CheckFunctionExists.c.o -c /snap/cmake/1082/share/cmake-3.23/Modules/CheckFunctionExists.c
Linking C executable cmTC_cc142
/snap/cmake/1082/bin/cmake -E cmake_link_script CMakeFiles/cmTC_cc142.dir/link.txt --verbose=1
/usr/bin/cc  -DCHECK_FUNCTION_EXISTS=cheev_ -rdynamic CMakeFiles/cmTC_cc142.dir/CheckFunctionExists.c.o -o cmTC_cc142  /usr/lib/x86_64-linux-gnu/liblapack.so /usr/lib/x86_64-linux-gnu/libblas.so /usr/lib/x86_64-linux-gnu/libf77blas.so /usr/lib/x86_64-linux-gnu/libatlas.so -fortranlibs 
cc: error: unrecognized command line option ‘-fortranlibs’; did you mean ‘-fltrans’?
CMakeFiles/cmTC_cc142.dir/build.make:102: recipe for target 'cmTC_cc142' failed
make[1]: *** [cmTC_cc142] Error 1
make[1]: Leaving directory '/media/arthur/SharedData/arthur2/Documents/Darmstadt/Capturing Reality/ep2/Capturing-Reality-Exercise-1/build/CMakeFiles/CMakeTmp'
Makefile:127: recipe for target 'cmTC_cc142/fast' failed
make: *** [cmTC_cc142/fast] Error 2



